GAS LISTING /tmp/cchJMiQ4.s 			page 1


   1              		.file	"tcb.cpp"
   2              		.option nopic
   3              		.option norelax
   4              		.attribute arch, "rv64i2p0_m2p0_a2p0"
   5              		.attribute unaligned_access, 0
   6              		.attribute stack_align, 16
   7              		.text
   8              	.Ltext0:
   9              		.align	2
  10              		.globl	_ZN3TCB12createThreadEPFvvE
  12              	_ZN3TCB12createThreadEPFvvE:
  13              	.LFB33:
  14              		.file 1 "src/tcb.cpp"
   1:src/tcb.cpp   **** #include "../h/tcb.hpp"
   2:src/tcb.cpp   **** #include "../h/riscv.hpp"
   3:src/tcb.cpp   **** #include "../h/print.hpp"
   4:src/tcb.cpp   **** 
   5:src/tcb.cpp   **** TCB *TCB::running = nullptr;
   6:src/tcb.cpp   **** 
   7:src/tcb.cpp   **** uint64 TCB::timeSliceCounter = 0;
   8:src/tcb.cpp   **** 
   9:src/tcb.cpp   **** TCB *TCB::createThread(Body body)
  10:src/tcb.cpp   **** {
  15              		.loc 1 10 1
  16              		.cfi_startproc
  17              		.cfi_personality 0x9b,DW.ref.__gxx_personality_v0
  18              		.cfi_lsda 0x1b,.LLSDA33
  19              	.LVL0:
  20 0000 130101FE 		addi	sp,sp,-32
  21              		.cfi_def_cfa_offset 32
  22 0004 233C1100 		sd	ra,24(sp)
  23 0008 23388100 		sd	s0,16(sp)
  24 000c 23349100 		sd	s1,8(sp)
  25 0010 23302101 		sd	s2,0(sp)
  26              		.cfi_offset 1, -8
  27              		.cfi_offset 8, -16
  28              		.cfi_offset 9, -24
  29              		.cfi_offset 18, -32
  30 0014 13040102 		addi	s0,sp,32
  31              		.cfi_def_cfa 8, 0
  32 0018 13090500 		mv	s2,a0
  11:src/tcb.cpp   ****     return new TCB(body, TIME_SLICE);
  33              		.loc 1 11 5
  34              		.loc 1 11 36 is_stmt 0
  35 001c 13050003 		li	a0,48
  36              	.LVL1:
  37              	.LEHB0:
  38 0020 97000000 		call	_Znwm
  38      E7800000 
  39              	.LVL2:
  40              	.LEHE0:
  41 0028 93040500 		mv	s1,a0
  42              	.LVL3:
  43              	.LBB9:
  44              	.LBB10:
  45              		.file 2 "src/../h/tcb.hpp"
   1:src/../h/tcb.hpp **** //
GAS LISTING /tmp/cchJMiQ4.s 			page 2


   2:src/../h/tcb.hpp **** // Created by marko on 20.4.22..
   3:src/../h/tcb.hpp **** //
   4:src/../h/tcb.hpp **** 
   5:src/../h/tcb.hpp **** #ifndef OS1_VEZBE07_RISCV_CONTEXT_SWITCH_2_INTERRUPT_TCB_HPP
   6:src/../h/tcb.hpp **** #define OS1_VEZBE07_RISCV_CONTEXT_SWITCH_2_INTERRUPT_TCB_HPP
   7:src/../h/tcb.hpp **** 
   8:src/../h/tcb.hpp **** #include "../lib/hw.h"
   9:src/../h/tcb.hpp **** #include "scheduler.hpp"
  10:src/../h/tcb.hpp **** 
  11:src/../h/tcb.hpp **** // Thread Control Block
  12:src/../h/tcb.hpp **** class TCB
  13:src/../h/tcb.hpp **** {
  14:src/../h/tcb.hpp **** public:
  15:src/../h/tcb.hpp ****     ~TCB() { delete[] stack; }
  16:src/../h/tcb.hpp **** 
  17:src/../h/tcb.hpp ****     bool isFinished() const { return finished; }
  18:src/../h/tcb.hpp **** 
  19:src/../h/tcb.hpp ****     void setFinished(bool value) { finished = value; }
  20:src/../h/tcb.hpp **** 
  21:src/../h/tcb.hpp ****     uint64 getTimeSlice() const { return timeSlice; }
  22:src/../h/tcb.hpp **** 
  23:src/../h/tcb.hpp ****     using Body = void (*)();
  24:src/../h/tcb.hpp **** 
  25:src/../h/tcb.hpp ****     static TCB *createThread(Body body);
  26:src/../h/tcb.hpp **** 
  27:src/../h/tcb.hpp ****     // Let's scheduler decide the next process.
  28:src/../h/tcb.hpp ****     static void yield();
  29:src/../h/tcb.hpp **** 
  30:src/../h/tcb.hpp ****     static TCB *running;
  31:src/../h/tcb.hpp **** 
  32:src/../h/tcb.hpp **** private:
  33:src/../h/tcb.hpp ****     TCB(Body body, uint64 timeSlice) :
  34:src/../h/tcb.hpp ****             body(body),
  35:src/../h/tcb.hpp ****             stack(body != nullptr ? new uint64[STACK_SIZE] : nullptr),
  36:src/../h/tcb.hpp ****             context({(uint64) &threadWrapper,
  37:src/../h/tcb.hpp ****                      stack != nullptr ? (uint64) &stack[STACK_SIZE] : 0
  38:src/../h/tcb.hpp ****                     }),
  39:src/../h/tcb.hpp ****             timeSlice(timeSlice),
  40:src/../h/tcb.hpp ****             finished(false)
  46              		.loc 2 40 27
  47 002c 23302501 		sd	s2,0(a0)
  35:src/../h/tcb.hpp ****             context({(uint64) &threadWrapper,
  48              		.loc 2 35 35
  49 0030 630A0900 		beq	s2,zero,.L6
  35:src/../h/tcb.hpp ****             context({(uint64) &threadWrapper,
  50              		.loc 2 35 58
  51 0034 37250000 		li	a0,8192
  52              	.LEHB1:
  53 0038 97000000 		call	_Znam
  53      E7800000 
  54              	.LVL4:
  55 0040 6F008000 		j	.L2
  56              	.L6:
  35:src/../h/tcb.hpp ****             context({(uint64) &threadWrapper,
  57              		.loc 2 35 35
  58 0044 13050000 		li	a0,0
  59              	.L2:
GAS LISTING /tmp/cchJMiQ4.s 			page 3


  60              		.loc 2 40 27
  61 0048 23B4A400 		sd	a0,8(s1)
  62 004c 97070000 		lla	a5,_ZN3TCB13threadWrapperEv
  62      93870700 
  63 0054 23B8F400 		sd	a5,16(s1)
  37:src/../h/tcb.hpp ****                     }),
  64              		.loc 2 37 39
  65 0058 63080502 		beq	a0,zero,.L7
  37:src/../h/tcb.hpp ****                     }),
  66              		.loc 2 37 50
  67 005c B7270000 		li	a5,8192
  68 0060 3305F500 		add	a0,a0,a5
  69              	.L3:
  70              		.loc 2 40 27
  71 0064 23BCA400 		sd	a0,24(s1)
  72 0068 93072000 		li	a5,2
  73 006c 23B0F402 		sd	a5,32(s1)
  74 0070 23840402 		sb	zero,40(s1)
  41:src/../h/tcb.hpp ****     {
  42:src/../h/tcb.hpp ****         if (body != nullptr) { Scheduler::put(this); }
  75              		.loc 2 42 9 is_stmt 1
  76 0074 630C0902 		beq	s2,zero,.L1
  77              		.loc 2 42 32
  78              		.loc 2 42 46 is_stmt 0
  79 0078 13850400 		mv	a0,s1
  80 007c 97000000 		call	_ZN9Scheduler3putEP3TCB
  80      E7800000 
  81              	.LVL5:
  82              	.LEHE1:
  83 0084 6F008002 		j	.L1
  84              	.L7:
  37:src/../h/tcb.hpp ****                     }),
  85              		.loc 2 37 39
  86 0088 13050000 		li	a0,0
  87 008c 6FF09FFD 		j	.L3
  88              	.L8:
  89 0090 13090500 		mv	s2,a0
  90              	.LVL6:
  91              	.LBE10:
  92              	.LBE9:
  93              		.loc 1 11 36
  94 0094 13850400 		mv	a0,s1
  95 0098 97000000 		call	_ZdlPv
  95      E7800000 
  96              	.LVL7:
  97 00a0 13050900 		mv	a0,s2
  98              	.LEHB2:
  99 00a4 97000000 		call	_Unwind_Resume
  99      E7800000 
 100              	.LVL8:
 101              	.LEHE2:
 102              	.L1:
  12:src/tcb.cpp   **** }
 103              		.loc 1 12 1
 104 00ac 13850400 		mv	a0,s1
 105 00b0 83308101 		ld	ra,24(sp)
 106              		.cfi_restore 1
GAS LISTING /tmp/cchJMiQ4.s 			page 4


 107 00b4 03340101 		ld	s0,16(sp)
 108              		.cfi_restore 8
 109              		.cfi_def_cfa 2, 32
 110 00b8 83348100 		ld	s1,8(sp)
 111              		.cfi_restore 9
 112              	.LVL9:
 113 00bc 03390100 		ld	s2,0(sp)
 114              		.cfi_restore 18
 115              	.LVL10:
 116 00c0 13010102 		addi	sp,sp,32
 117              		.cfi_def_cfa_offset 0
 118 00c4 67800000 		jr	ra
 119              		.cfi_endproc
 120              	.LFE33:
 121              		.globl	__gxx_personality_v0
 122              		.section	.gcc_except_table,"aw",@progbits
 123              	.LLSDA33:
 124 0000 FF       		.byte	0xff
 125 0001 FF       		.byte	0xff
 126 0002 03       		.byte	0x3
 127 0003 27       		.byte	0x27
 128 0004 00000000 		.4byte	.LEHB0-.LFB33
 129 0008 00000000 		.4byte	.LEHE0-.LEHB0
 130 000c 00000000 		.4byte	0
 131 0010 00       		.byte	0
 132 0011 00000000 		.4byte	.LEHB1-.LFB33
 133 0015 00000000 		.4byte	.LEHE1-.LEHB1
 134 0019 00000000 		.4byte	.L8-.LFB33
 135 001d 00       		.byte	0
 136 001e 00000000 		.4byte	.LEHB2-.LFB33
 137 0022 00000000 		.4byte	.LEHE2-.LEHB2
 138 0026 00000000 		.4byte	0
 139 002a 00       		.byte	0
 140              		.text
 142              		.align	2
 143              		.globl	_ZN3TCB5yieldEv
 145              	_ZN3TCB5yieldEv:
 146              	.LFB34:
  13:src/tcb.cpp   **** 
  14:src/tcb.cpp   **** // Let's scheduler decide the next process.
  15:src/tcb.cpp   **** void TCB::yield()
  16:src/tcb.cpp   **** {
 147              		.loc 1 16 1 is_stmt 1
 148              		.cfi_startproc
 149 00c8 130101FF 		addi	sp,sp,-16
 150              		.cfi_def_cfa_offset 16
 151 00cc 23348100 		sd	s0,8(sp)
 152              		.cfi_offset 8, -8
 153 00d0 13040101 		addi	s0,sp,16
 154              		.cfi_def_cfa 8, 0
  17:src/tcb.cpp   ****     __asm__ volatile ("ecall");
 155              		.loc 1 17 5
 156              		.loc 1 17 31 is_stmt 0
 157              	 #APP
 158              	# 17 "src/tcb.cpp" 1
  18              	}
 159              		ecall
GAS LISTING /tmp/cchJMiQ4.s 			page 5


 160              	# 0 "" 2
 161              		.loc 1 18 1
 162              	 #NO_APP
 163 00d8 03348100 		ld	s0,8(sp)
 164              		.cfi_restore 8
 165              		.cfi_def_cfa 2, 16
 166 00dc 13010101 		addi	sp,sp,16
 167              		.cfi_def_cfa_offset 0
 168 00e0 67800000 		jr	ra
 169              		.cfi_endproc
 170              	.LFE34:
 172              		.align	2
 173              		.globl	_ZN3TCB13threadWrapperEv
 175              	_ZN3TCB13threadWrapperEv:
 176              	.LFB36:
  19:src/tcb.cpp   **** 
  20:src/tcb.cpp   **** // Releases the old process and starts a new one.
  21:src/tcb.cpp   **** void TCB::dispatch()
  22:src/tcb.cpp   **** {
  23:src/tcb.cpp   ****     // Put the process back into the queue if it isn't finished.
  24:src/tcb.cpp   ****     TCB *old = running;
  25:src/tcb.cpp   ****     if (!old->isFinished()) { Scheduler::put(old); }
  26:src/tcb.cpp   **** 
  27:src/tcb.cpp   ****     running = Scheduler::get();
  28:src/tcb.cpp   **** 
  29:src/tcb.cpp   ****     TCB::contextSwitch(&old->context, &running->context);
  30:src/tcb.cpp   **** }
  31:src/tcb.cpp   **** 
  32:src/tcb.cpp   **** // Actual function being executed is the thread wrapper.
  33:src/tcb.cpp   **** // The values
  34:src/tcb.cpp   **** void TCB::threadWrapper()
  35:src/tcb.cpp   **** {
 177              		.loc 1 35 1 is_stmt 1
 178              		.cfi_startproc
 179 00e4 130101FE 		addi	sp,sp,-32
 180              		.cfi_def_cfa_offset 32
 181 00e8 233C1100 		sd	ra,24(sp)
 182 00ec 23388100 		sd	s0,16(sp)
 183 00f0 23349100 		sd	s1,8(sp)
 184              		.cfi_offset 1, -8
 185              		.cfi_offset 8, -16
 186              		.cfi_offset 9, -24
 187 00f4 13040102 		addi	s0,sp,32
 188              		.cfi_def_cfa 8, 0
  36:src/tcb.cpp   ****     Riscv::popSppSpie();
 189              		.loc 1 36 5
 190              		.loc 1 36 22 is_stmt 0
 191 00f8 97000000 		call	_ZN5Riscv10popSppSpieEv
 191      E7800000 
 192              	.LVL11:
  37:src/tcb.cpp   ****     running->body();
 193              		.loc 1 37 5 is_stmt 1
 194              		.loc 1 37 14 is_stmt 0
 195 0100 97040000 		lla	s1,_ZN3TCB7runningE
 195      93840400 
 196 0108 83B70400 		ld	a5,0(s1)
 197 010c 83B70700 		ld	a5,0(a5)
GAS LISTING /tmp/cchJMiQ4.s 			page 6


 198              		.loc 1 37 18
 199 0110 E7800700 		jalr	a5
 200              	.LVL12:
  38:src/tcb.cpp   ****     running->setFinished(true);
 201              		.loc 1 38 5 is_stmt 1
 202              		.loc 1 38 25 is_stmt 0
 203 0114 83B70400 		ld	a5,0(s1)
 204              	.LVL13:
 205              	.LBB11:
 206              	.LBB12:
  19:src/../h/tcb.hpp **** 
 207              		.loc 2 19 36 is_stmt 1
  19:src/../h/tcb.hpp **** 
 208              		.loc 2 19 45 is_stmt 0
 209 0118 13071000 		li	a4,1
 210 011c 2384E702 		sb	a4,40(a5)
 211              	.LVL14:
 212              	.LBE12:
 213              	.LBE11:
  39:src/tcb.cpp   ****     TCB::yield();
 214              		.loc 1 39 5 is_stmt 1
 215              		.loc 1 39 15 is_stmt 0
 216 0120 97000000 		call	_ZN3TCB5yieldEv
 216      E7800000 
 217              	.LVL15:
  40:src/tcb.cpp   **** }
 218              		.loc 1 40 1
 219 0128 83308101 		ld	ra,24(sp)
 220              		.cfi_restore 1
 221 012c 03340101 		ld	s0,16(sp)
 222              		.cfi_restore 8
 223              		.cfi_def_cfa 2, 32
 224 0130 83348100 		ld	s1,8(sp)
 225              		.cfi_restore 9
 226 0134 13010102 		addi	sp,sp,32
 227              		.cfi_def_cfa_offset 0
 228 0138 67800000 		jr	ra
 229              		.cfi_endproc
 230              	.LFE36:
 232              		.align	2
 233              		.globl	_ZN3TCB8dispatchEv
 235              	_ZN3TCB8dispatchEv:
 236              	.LFB35:
  22:src/tcb.cpp   ****     // Put the process back into the queue if it isn't finished.
 237              		.loc 1 22 1 is_stmt 1
 238              		.cfi_startproc
 239 013c 130101FE 		addi	sp,sp,-32
 240              		.cfi_def_cfa_offset 32
 241 0140 233C1100 		sd	ra,24(sp)
 242 0144 23388100 		sd	s0,16(sp)
 243 0148 23349100 		sd	s1,8(sp)
 244              		.cfi_offset 1, -8
 245              		.cfi_offset 8, -16
 246              		.cfi_offset 9, -24
 247 014c 13040102 		addi	s0,sp,32
 248              		.cfi_def_cfa 8, 0
  24:src/tcb.cpp   ****     if (!old->isFinished()) { Scheduler::put(old); }
GAS LISTING /tmp/cchJMiQ4.s 			page 7


 249              		.loc 1 24 5
  24:src/tcb.cpp   ****     if (!old->isFinished()) { Scheduler::put(old); }
 250              		.loc 1 24 10 is_stmt 0
 251 0150 97070000 		lla	a5,_ZN3TCB7runningE
 251      93870700 
 252 0158 83B40700 		ld	s1,0(a5)
 253              	.LVL16:
  25:src/tcb.cpp   **** 
 254              		.loc 1 25 5 is_stmt 1
 255              	.LBB13:
 256              	.LBB14:
  17:src/../h/tcb.hpp **** 
 257              		.loc 2 17 31
  17:src/../h/tcb.hpp **** 
 258              		.loc 2 17 38 is_stmt 0
 259 015c 83C78402 		lbu	a5,40(s1)
 260              	.LVL17:
 261              	.LBE14:
 262              	.LBE13:
  25:src/tcb.cpp   **** 
 263              		.loc 1 25 5
 264 0160 638C0702 		beq	a5,zero,.L17
 265              	.L15:
  27:src/tcb.cpp   **** 
 266              		.loc 1 27 5 is_stmt 1
  27:src/tcb.cpp   **** 
 267              		.loc 1 27 29 is_stmt 0
 268 0164 97000000 		call	_ZN9Scheduler3getEv
 268      E7800000 
 269              	.LVL18:
  27:src/tcb.cpp   **** 
 270              		.loc 1 27 13
 271 016c 97070000 		sd	a0,_ZN3TCB7runningE,a5
 271      23B0A700 
  29:src/tcb.cpp   **** }
 272              		.loc 1 29 5 is_stmt 1
  29:src/tcb.cpp   **** }
 273              		.loc 1 29 23 is_stmt 0
 274 0174 93050501 		addi	a1,a0,16
 275 0178 13850401 		addi	a0,s1,16
 276 017c 97000000 		call	_ZN3TCB13contextSwitchEPNS_7ContextES1_
 276      E7800000 
 277              	.LVL19:
  30:src/tcb.cpp   **** 
 278              		.loc 1 30 1
 279 0184 83308101 		ld	ra,24(sp)
 280              		.cfi_remember_state
 281              		.cfi_restore 1
 282 0188 03340101 		ld	s0,16(sp)
 283              		.cfi_restore 8
 284              		.cfi_def_cfa 2, 32
 285 018c 83348100 		ld	s1,8(sp)
 286              		.cfi_restore 9
 287              	.LVL20:
 288 0190 13010102 		addi	sp,sp,32
 289              		.cfi_def_cfa_offset 0
 290 0194 67800000 		jr	ra
GAS LISTING /tmp/cchJMiQ4.s 			page 8


 291              	.LVL21:
 292              	.L17:
 293              		.cfi_restore_state
  25:src/tcb.cpp   **** 
 294              		.loc 1 25 31 is_stmt 1 discriminator 1
  25:src/tcb.cpp   **** 
 295              		.loc 1 25 45 is_stmt 0 discriminator 1
 296 0198 13850400 		mv	a0,s1
 297 019c 97000000 		call	_ZN9Scheduler3putEP3TCB
 297      E7800000 
 298              	.LVL22:
 299 01a4 6FF01FFC 		j	.L15
 300              		.cfi_endproc
 301              	.LFE35:
 303              		.globl	_ZN3TCB16timeSliceCounterE
 304              		.globl	_ZN3TCB7runningE
 305              		.section	.sbss,"aw",@nobits
 306              		.align	3
 309              	_ZN3TCB16timeSliceCounterE:
 310 0000 00000000 		.zero	8
 310      00000000 
 313              	_ZN3TCB7runningE:
 314 0008 00000000 		.zero	8
 314      00000000 
 315              		.text
 316              	.Letext0:
 317              		.file 3 "src/../h/../lib/hw.h"
 318              		.file 4 "src/../h/scheduler.hpp"
 319              		.file 5 "src/../h/riscv.hpp"
 2376              		.align	3
 2379              	DW.ref.__gxx_personality_v0:
 2380 0000 00000000 		.dword	__gxx_personality_v0
 2380      00000000 
 2381              		.ident	"GCC: () 8.3.0"
GAS LISTING /tmp/cchJMiQ4.s 			page 9


DEFINED SYMBOLS
                            *ABS*:0000000000000000 tcb.cpp
     /tmp/cchJMiQ4.s:12     .text:0000000000000000 _ZN3TCB12createThreadEPFvvE
     /tmp/cchJMiQ4.s:16     .text:0000000000000000 .L0 
     /tmp/cchJMiQ4.s:2379   .sdata.DW.ref.__gxx_personality_v0:0000000000000000 DW.ref.__gxx_personality_v0
     /tmp/cchJMiQ4.s:20     .text:0000000000000000 .L0 
     /tmp/cchJMiQ4.s:21     .text:0000000000000004 .L0 
     /tmp/cchJMiQ4.s:26     .text:0000000000000014 .L0 
     /tmp/cchJMiQ4.s:27     .text:0000000000000014 .L0 
     /tmp/cchJMiQ4.s:28     .text:0000000000000014 .L0 
     /tmp/cchJMiQ4.s:29     .text:0000000000000014 .L0 
     /tmp/cchJMiQ4.s:31     .text:0000000000000018 .L0 
     /tmp/cchJMiQ4.s:34     .text:000000000000001c .L0 
     /tmp/cchJMiQ4.s:35     .text:000000000000001c .L0 
     /tmp/cchJMiQ4.s:47     .text:000000000000002c .L0 
     /tmp/cchJMiQ4.s:49     .text:0000000000000030 .L0 
     /tmp/cchJMiQ4.s:51     .text:0000000000000034 .L0 
     /tmp/cchJMiQ4.s:58     .text:0000000000000044 .L0 
     /tmp/cchJMiQ4.s:61     .text:0000000000000048 .L0 
     /tmp/cchJMiQ4.s:175    .text:00000000000000e4 _ZN3TCB13threadWrapperEv
     /tmp/cchJMiQ4.s:65     .text:0000000000000058 .L0 
     /tmp/cchJMiQ4.s:67     .text:000000000000005c .L0 
     /tmp/cchJMiQ4.s:71     .text:0000000000000064 .L0 
     /tmp/cchJMiQ4.s:76     .text:0000000000000074 .L0 
     /tmp/cchJMiQ4.s:78     .text:0000000000000078 .L0 
     /tmp/cchJMiQ4.s:79     .text:0000000000000078 .L0 
     /tmp/cchJMiQ4.s:86     .text:0000000000000088 .L0 
     /tmp/cchJMiQ4.s:94     .text:0000000000000094 .L0 
     /tmp/cchJMiQ4.s:104    .text:00000000000000ac .L0 
     /tmp/cchJMiQ4.s:106    .text:00000000000000b4 .L0 
     /tmp/cchJMiQ4.s:108    .text:00000000000000b8 .L0 
     /tmp/cchJMiQ4.s:109    .text:00000000000000b8 .L0 
     /tmp/cchJMiQ4.s:111    .text:00000000000000bc .L0 
     /tmp/cchJMiQ4.s:114    .text:00000000000000c0 .L0 
     /tmp/cchJMiQ4.s:117    .text:00000000000000c4 .L0 
     /tmp/cchJMiQ4.s:119    .text:00000000000000c8 .L0 
     /tmp/cchJMiQ4.s:145    .text:00000000000000c8 _ZN3TCB5yieldEv
     /tmp/cchJMiQ4.s:148    .text:00000000000000c8 .L0 
     /tmp/cchJMiQ4.s:149    .text:00000000000000c8 .L0 
     /tmp/cchJMiQ4.s:150    .text:00000000000000cc .L0 
     /tmp/cchJMiQ4.s:152    .text:00000000000000d0 .L0 
     /tmp/cchJMiQ4.s:154    .text:00000000000000d4 .L0 
     /tmp/cchJMiQ4.s:156    .text:00000000000000d4 .L0 
         src/tcb.cpp:17     .text:00000000000000d4 .L0 
     /tmp/cchJMiQ4.s:163    .text:00000000000000d8 .L0 
     /tmp/cchJMiQ4.s:164    .text:00000000000000dc .L0 
     /tmp/cchJMiQ4.s:165    .text:00000000000000dc .L0 
     /tmp/cchJMiQ4.s:167    .text:00000000000000e0 .L0 
     /tmp/cchJMiQ4.s:169    .text:00000000000000e4 .L0 
     /tmp/cchJMiQ4.s:178    .text:00000000000000e4 .L0 
     /tmp/cchJMiQ4.s:179    .text:00000000000000e4 .L0 
     /tmp/cchJMiQ4.s:180    .text:00000000000000e8 .L0 
     /tmp/cchJMiQ4.s:184    .text:00000000000000f4 .L0 
     /tmp/cchJMiQ4.s:185    .text:00000000000000f4 .L0 
     /tmp/cchJMiQ4.s:186    .text:00000000000000f4 .L0 
     /tmp/cchJMiQ4.s:188    .text:00000000000000f8 .L0 
     /tmp/cchJMiQ4.s:190    .text:00000000000000f8 .L0 
GAS LISTING /tmp/cchJMiQ4.s 			page 10


     /tmp/cchJMiQ4.s:191    .text:00000000000000f8 .L0 
     /tmp/cchJMiQ4.s:194    .text:0000000000000100 .L0 
     /tmp/cchJMiQ4.s:313    .sbss:0000000000000008 _ZN3TCB7runningE
     /tmp/cchJMiQ4.s:195    .text:0000000000000100 .L0 
     /tmp/cchJMiQ4.s:199    .text:0000000000000110 .L0 
     /tmp/cchJMiQ4.s:202    .text:0000000000000114 .L0 
     /tmp/cchJMiQ4.s:203    .text:0000000000000114 .L0 
     /tmp/cchJMiQ4.s:208    .text:0000000000000118 .L0 
     /tmp/cchJMiQ4.s:209    .text:0000000000000118 .L0 
     /tmp/cchJMiQ4.s:215    .text:0000000000000120 .L0 
     /tmp/cchJMiQ4.s:216    .text:0000000000000120 .L0 
     /tmp/cchJMiQ4.s:219    .text:0000000000000128 .L0 
     /tmp/cchJMiQ4.s:220    .text:000000000000012c .L0 
     /tmp/cchJMiQ4.s:222    .text:0000000000000130 .L0 
     /tmp/cchJMiQ4.s:223    .text:0000000000000130 .L0 
     /tmp/cchJMiQ4.s:225    .text:0000000000000134 .L0 
     /tmp/cchJMiQ4.s:227    .text:0000000000000138 .L0 
     /tmp/cchJMiQ4.s:229    .text:000000000000013c .L0 
     /tmp/cchJMiQ4.s:235    .text:000000000000013c _ZN3TCB8dispatchEv
     /tmp/cchJMiQ4.s:238    .text:000000000000013c .L0 
     /tmp/cchJMiQ4.s:239    .text:000000000000013c .L0 
     /tmp/cchJMiQ4.s:240    .text:0000000000000140 .L0 
     /tmp/cchJMiQ4.s:244    .text:000000000000014c .L0 
     /tmp/cchJMiQ4.s:245    .text:000000000000014c .L0 
     /tmp/cchJMiQ4.s:246    .text:000000000000014c .L0 
     /tmp/cchJMiQ4.s:248    .text:0000000000000150 .L0 
     /tmp/cchJMiQ4.s:250    .text:0000000000000150 .L0 
     /tmp/cchJMiQ4.s:251    .text:0000000000000150 .L0 
     /tmp/cchJMiQ4.s:257    .text:000000000000015c .L0 
     /tmp/cchJMiQ4.s:258    .text:000000000000015c .L0 
     /tmp/cchJMiQ4.s:259    .text:000000000000015c .L0 
     /tmp/cchJMiQ4.s:264    .text:0000000000000160 .L0 
     /tmp/cchJMiQ4.s:267    .text:0000000000000164 .L0 
     /tmp/cchJMiQ4.s:268    .text:0000000000000164 .L0 
     /tmp/cchJMiQ4.s:271    .text:000000000000016c .L0 
     /tmp/cchJMiQ4.s:273    .text:0000000000000174 .L0 
     /tmp/cchJMiQ4.s:274    .text:0000000000000174 .L0 
     /tmp/cchJMiQ4.s:279    .text:0000000000000184 .L0 
     /tmp/cchJMiQ4.s:280    .text:0000000000000188 .L0 
     /tmp/cchJMiQ4.s:281    .text:0000000000000188 .L0 
     /tmp/cchJMiQ4.s:283    .text:000000000000018c .L0 
     /tmp/cchJMiQ4.s:284    .text:000000000000018c .L0 
     /tmp/cchJMiQ4.s:286    .text:0000000000000190 .L0 
     /tmp/cchJMiQ4.s:289    .text:0000000000000194 .L0 
     /tmp/cchJMiQ4.s:293    .text:0000000000000198 .L0 
     /tmp/cchJMiQ4.s:295    .text:0000000000000198 .L0 
     /tmp/cchJMiQ4.s:296    .text:0000000000000198 .L0 
     /tmp/cchJMiQ4.s:300    .text:00000000000001a8 .L0 
     /tmp/cchJMiQ4.s:309    .sbss:0000000000000000 _ZN3TCB16timeSliceCounterE
     /tmp/cchJMiQ4.s:320    .text:00000000000001a8 .L0 
     /tmp/cchJMiQ4.s:62     .text:000000000000004c .L0 
     /tmp/cchJMiQ4.s:195    .text:0000000000000100 .L0 
     /tmp/cchJMiQ4.s:251    .text:0000000000000150 .L0 
     /tmp/cchJMiQ4.s:271    .text:000000000000016c .L0 
     /tmp/cchJMiQ4.s:56     .text:0000000000000044 .L6
     /tmp/cchJMiQ4.s:59     .text:0000000000000048 .L2
     /tmp/cchJMiQ4.s:84     .text:0000000000000088 .L7
GAS LISTING /tmp/cchJMiQ4.s 			page 11


     /tmp/cchJMiQ4.s:102    .text:00000000000000ac .L1
     /tmp/cchJMiQ4.s:69     .text:0000000000000064 .L3
     /tmp/cchJMiQ4.s:292    .text:0000000000000198 .L17
     /tmp/cchJMiQ4.s:265    .text:0000000000000164 .L15
     /tmp/cchJMiQ4.s:37     .text:0000000000000020 .LEHB0
     /tmp/cchJMiQ4.s:13     .text:0000000000000000 .LFB33
     /tmp/cchJMiQ4.s:40     .text:0000000000000028 .LEHE0
     /tmp/cchJMiQ4.s:52     .text:0000000000000038 .LEHB1
     /tmp/cchJMiQ4.s:82     .text:0000000000000084 .LEHE1
     /tmp/cchJMiQ4.s:88     .text:0000000000000090 .L8
     /tmp/cchJMiQ4.s:98     .text:00000000000000a4 .LEHB2
     /tmp/cchJMiQ4.s:101    .text:00000000000000ac .LEHE2
     /tmp/cchJMiQ4.s:1176   .debug_abbrev:0000000000000000 .Ldebug_abbrev0
     /tmp/cchJMiQ4.s:2273   .debug_str:0000000000000342 .LASF96
     /tmp/cchJMiQ4.s:2263   .debug_str:000000000000030b .LASF97
     /tmp/cchJMiQ4.s:2259   .debug_str:00000000000002eb .LASF98
     /tmp/cchJMiQ4.s:8      .text:0000000000000000 .Ltext0
     /tmp/cchJMiQ4.s:316    .text:00000000000001a8 .Letext0
     /tmp/cchJMiQ4.s:2155   .debug_line:0000000000000000 .Ldebug_line0
     /tmp/cchJMiQ4.s:2277   .debug_str:0000000000000419 .LASF0
     /tmp/cchJMiQ4.s:2289   .debug_str:000000000000044c .LASF1
     /tmp/cchJMiQ4.s:2267   .debug_str:000000000000031e .LASF2
     /tmp/cchJMiQ4.s:2243   .debug_str:000000000000029d .LASF4
     /tmp/cchJMiQ4.s:2321   .debug_str:000000000000055d .LASF3
     /tmp/cchJMiQ4.s:2177   .debug_str:0000000000000081 .LASF5
     /tmp/cchJMiQ4.s:2291   .debug_str:000000000000045f .LASF6
     /tmp/cchJMiQ4.s:2275   .debug_str:0000000000000406 .LASF7
     /tmp/cchJMiQ4.s:2349   .debug_str:000000000000062f .LASF8
     /tmp/cchJMiQ4.s:2229   .debug_str:000000000000020a .LASF9
     /tmp/cchJMiQ4.s:2301   .debug_str:00000000000004bf .LASF10
     /tmp/cchJMiQ4.s:2345   .debug_str:000000000000061a .LASF11
     /tmp/cchJMiQ4.s:2179   .debug_str:0000000000000088 .LASF12
     /tmp/cchJMiQ4.s:2159   .debug_str:0000000000000008 .LASF13
     /tmp/cchJMiQ4.s:2191   .debug_str:00000000000000f4 .LASF14
     /tmp/cchJMiQ4.s:2313   .debug_str:0000000000000519 .LASF15
     /tmp/cchJMiQ4.s:2199   .debug_str:000000000000013d .LASF16
     /tmp/cchJMiQ4.s:2299   .debug_str:00000000000004b5 .LASF17
     /tmp/cchJMiQ4.s:2219   .debug_str:00000000000001c1 .LASF38
     /tmp/cchJMiQ4.s:2239   .debug_str:0000000000000261 .LASF99
     /tmp/cchJMiQ4.s:2187   .debug_str:00000000000000d2 .LASF100
     /tmp/cchJMiQ4.s:2185   .debug_str:00000000000000c8 .LASF101
     /tmp/cchJMiQ4.s:2165   .debug_str:0000000000000027 .LASF102
     /tmp/cchJMiQ4.s:2205   .debug_str:0000000000000177 .LASF18
     /tmp/cchJMiQ4.s:2307   .debug_str:00000000000004fd .LASF20
     /tmp/cchJMiQ4.s:2293   .debug_str:0000000000000472 .LASF22
     /tmp/cchJMiQ4.s:2227   .debug_str:00000000000001f3 .LASF24
     /tmp/cchJMiQ4.s:2269   .debug_str:000000000000032c .LASF19
     /tmp/cchJMiQ4.s:2367   .debug_str:00000000000006b2 .LASF21
     /tmp/cchJMiQ4.s:2261   .debug_str:00000000000002fe .LASF23
     /tmp/cchJMiQ4.s:2175   .debug_str:0000000000000068 .LASF25
     /tmp/cchJMiQ4.s:2253   .debug_str:00000000000002c5 .LASF26
     /tmp/cchJMiQ4.s:2303   .debug_str:00000000000004ce .LASF27
     /tmp/cchJMiQ4.s:2309   .debug_str:0000000000000509 .LASF103
     /tmp/cchJMiQ4.s:2315   .debug_str:000000000000052f .LASF44
     /tmp/cchJMiQ4.s:2203   .debug_str:0000000000000167 .LASF46
     /tmp/cchJMiQ4.s:2209   .debug_str:0000000000000185 .LASF104
     /tmp/cchJMiQ4.s:2331   .debug_str:00000000000005aa .LASF105
GAS LISTING /tmp/cchJMiQ4.s 			page 12


     /tmp/cchJMiQ4.s:2247   .debug_str:00000000000002ad .LASF28
     /tmp/cchJMiQ4.s:2283   .debug_str:0000000000000436 .LASF29
     /tmp/cchJMiQ4.s:2251   .debug_str:00000000000002bd .LASF30
     /tmp/cchJMiQ4.s:2285   .debug_str:000000000000043c .LASF31
     /tmp/cchJMiQ4.s:2245   .debug_str:00000000000002a4 .LASF32
     /tmp/cchJMiQ4.s:2257   .debug_str:00000000000002dd .LASF34
     /tmp/cchJMiQ4.s:2233   .debug_str:000000000000022e .LASF36
     /tmp/cchJMiQ4.s:2353   .debug_str:0000000000000654 .LASF33
     /tmp/cchJMiQ4.s:2241   .debug_str:0000000000000275 .LASF106
     /tmp/cchJMiQ4.s:2281   .debug_str:000000000000042d .LASF35
     /tmp/cchJMiQ4.s:2215   .debug_str:00000000000001a9 .LASF37
     /tmp/cchJMiQ4.s:2323   .debug_str:000000000000056f .LASF39
     /tmp/cchJMiQ4.s:2255   .debug_str:00000000000002d2 .LASF40
     /tmp/cchJMiQ4.s:2235   .debug_str:0000000000000247 .LASF41
     /tmp/cchJMiQ4.s:2217   .debug_str:00000000000001bc .LASF42
     /tmp/cchJMiQ4.s:2287   .debug_str:0000000000000446 .LASF43
     /tmp/cchJMiQ4.s:2311   .debug_str:000000000000050e .LASF45
     /tmp/cchJMiQ4.s:2361   .debug_str:0000000000000687 .LASF47
     /tmp/cchJMiQ4.s:2161   .debug_str:0000000000000018 .LASF48
     /tmp/cchJMiQ4.s:2335   .debug_str:00000000000005c1 .LASF51
     /tmp/cchJMiQ4.s:2207   .debug_str:000000000000017c .LASF49
     /tmp/cchJMiQ4.s:2195   .debug_str:0000000000000110 .LASF54
     /tmp/cchJMiQ4.s:2325   .debug_str:0000000000000580 .LASF50
     /tmp/cchJMiQ4.s:2305   .debug_str:00000000000004ea .LASF52
     /tmp/cchJMiQ4.s:2343   .debug_str:0000000000000613 .LASF53
     /tmp/cchJMiQ4.s:2339   .debug_str:00000000000005ee .LASF55
     /tmp/cchJMiQ4.s:2223   .debug_str:00000000000001e5 .LASF56
     /tmp/cchJMiQ4.s:2201   .debug_str:0000000000000153 .LASF57
     /tmp/cchJMiQ4.s:2157   .debug_str:0000000000000000 .LASF58
     /tmp/cchJMiQ4.s:2327   .debug_str:0000000000000587 .LASF59
     /tmp/cchJMiQ4.s:2211   .debug_str:000000000000018d .LASF60
     /tmp/cchJMiQ4.s:2181   .debug_str:0000000000000098 .LASF61
     /tmp/cchJMiQ4.s:2365   .debug_str:00000000000006aa .LASF62
     /tmp/cchJMiQ4.s:2213   .debug_str:0000000000000195 .LASF63
     /tmp/cchJMiQ4.s:2279   .debug_str:0000000000000426 .LASF64
     /tmp/cchJMiQ4.s:2357   .debug_str:000000000000066f .LASF65
     /tmp/cchJMiQ4.s:2169   .debug_str:0000000000000035 .LASF66
     /tmp/cchJMiQ4.s:2221   .debug_str:00000000000001d2 .LASF67
     /tmp/cchJMiQ4.s:2225   .debug_str:00000000000001ed .LASF68
     /tmp/cchJMiQ4.s:2341   .debug_str:0000000000000601 .LASF69
     /tmp/cchJMiQ4.s:2167   .debug_str:000000000000002f .LASF70
     /tmp/cchJMiQ4.s:2371   .debug_str:00000000000006da .LASF71
     /tmp/cchJMiQ4.s:2363   .debug_str:000000000000069f .LASF72
     /tmp/cchJMiQ4.s:2319   .debug_str:0000000000000545 .LASF73
     /tmp/cchJMiQ4.s:2249   .debug_str:00000000000002b2 .LASF74
     /tmp/cchJMiQ4.s:2337   .debug_str:00000000000005d6 .LASF75
     /tmp/cchJMiQ4.s:2189   .debug_str:00000000000000ea .LASF76
     /tmp/cchJMiQ4.s:2297   .debug_str:000000000000049f .LASF77
     /tmp/cchJMiQ4.s:2271   .debug_str:0000000000000338 .LASF78
     /tmp/cchJMiQ4.s:2231   .debug_str:0000000000000218 .LASF79
     /tmp/cchJMiQ4.s:2329   .debug_str:000000000000059b .LASF80
     /tmp/cchJMiQ4.s:2183   .debug_str:00000000000000ac .LASF81
     /tmp/cchJMiQ4.s:2351   .debug_str:000000000000063f .LASF82
     /tmp/cchJMiQ4.s:2295   .debug_str:000000000000047d .LASF83
     /tmp/cchJMiQ4.s:2369   .debug_str:00000000000006c9 .LASF84
     /tmp/cchJMiQ4.s:2171   .debug_str:000000000000003c .LASF85
     /tmp/cchJMiQ4.s:176    .text:00000000000000e4 .LFB36
GAS LISTING /tmp/cchJMiQ4.s 			page 13


     /tmp/cchJMiQ4.s:230    .text:000000000000013c .LFE36
     /tmp/cchJMiQ4.s:205    .text:0000000000000118 .LBB11
     /tmp/cchJMiQ4.s:213    .text:0000000000000120 .LBE11
     /tmp/cchJMiQ4.s:2044   .debug_loc:0000000000000000 .LLST3
     /tmp/cchJMiQ4.s:2052   .debug_loc:0000000000000024 .LLST4
     /tmp/cchJMiQ4.s:192    .text:0000000000000100 .LVL11
     /tmp/cchJMiQ4.s:217    .text:0000000000000128 .LVL15
     /tmp/cchJMiQ4.s:236    .text:000000000000013c .LFB35
     /tmp/cchJMiQ4.s:301    .text:00000000000001a8 .LFE35
     /tmp/cchJMiQ4.s:2059   .debug_loc:0000000000000047 .LLST5
     /tmp/cchJMiQ4.s:255    .text:000000000000015c .LBB13
     /tmp/cchJMiQ4.s:262    .text:0000000000000160 .LBE13
     /tmp/cchJMiQ4.s:2070   .debug_loc:000000000000007d .LLST6
     /tmp/cchJMiQ4.s:269    .text:000000000000016c .LVL18
     /tmp/cchJMiQ4.s:277    .text:0000000000000184 .LVL19
     /tmp/cchJMiQ4.s:298    .text:00000000000001a4 .LVL22
     /tmp/cchJMiQ4.s:146    .text:00000000000000c8 .LFB34
     /tmp/cchJMiQ4.s:170    .text:00000000000000e4 .LFE34
     /tmp/cchJMiQ4.s:120    .text:00000000000000c8 .LFE33
     /tmp/cchJMiQ4.s:2077   .debug_loc:00000000000000a0 .LLST0
     /tmp/cchJMiQ4.s:43     .text:000000000000002c .LBB9
     /tmp/cchJMiQ4.s:92     .text:0000000000000094 .LBE9
     /tmp/cchJMiQ4.s:2106   .debug_loc:0000000000000115 .LLST1
     /tmp/cchJMiQ4.s:2131   .debug_loc:0000000000000177 .LLST2
     /tmp/cchJMiQ4.s:54     .text:0000000000000040 .LVL4
     /tmp/cchJMiQ4.s:81     .text:0000000000000084 .LVL5
     /tmp/cchJMiQ4.s:39     .text:0000000000000028 .LVL2
     /tmp/cchJMiQ4.s:96     .text:00000000000000a0 .LVL7
     /tmp/cchJMiQ4.s:100    .text:00000000000000ac .LVL8
     /tmp/cchJMiQ4.s:2359   .debug_str:0000000000000682 .LASF86
     /tmp/cchJMiQ4.s:2173   .debug_str:0000000000000057 .LASF107
     /tmp/cchJMiQ4.s:2347   .debug_str:0000000000000629 .LASF87
     /tmp/cchJMiQ4.s:2333   .debug_str:00000000000005bb .LASF88
     /tmp/cchJMiQ4.s:2317   .debug_str:0000000000000535 .LASF90
     /tmp/cchJMiQ4.s:2163   .debug_str:0000000000000021 .LASF89
     /tmp/cchJMiQ4.s:2355   .debug_str:0000000000000662 .LASF91
     /tmp/cchJMiQ4.s:2265   .debug_str:0000000000000317 .LASF92
     /tmp/cchJMiQ4.s:2193   .debug_str:0000000000000100 .LASF93
     /tmp/cchJMiQ4.s:2237   .debug_str:0000000000000252 .LASF94
     /tmp/cchJMiQ4.s:2197   .debug_str:0000000000000125 .LASF95
     /tmp/cchJMiQ4.s:204    .text:0000000000000118 .LVL13
     /tmp/cchJMiQ4.s:211    .text:0000000000000120 .LVL14
     /tmp/cchJMiQ4.s:253    .text:000000000000015c .LVL16
     /tmp/cchJMiQ4.s:287    .text:0000000000000190 .LVL20
     /tmp/cchJMiQ4.s:291    .text:0000000000000198 .LVL21
     /tmp/cchJMiQ4.s:260    .text:0000000000000160 .LVL17
     /tmp/cchJMiQ4.s:19     .text:0000000000000000 .LVL0
     /tmp/cchJMiQ4.s:36     .text:0000000000000020 .LVL1
     /tmp/cchJMiQ4.s:90     .text:0000000000000094 .LVL6
     /tmp/cchJMiQ4.s:115    .text:00000000000000c0 .LVL10
     /tmp/cchJMiQ4.s:42     .text:000000000000002c .LVL3
     /tmp/cchJMiQ4.s:112    .text:00000000000000bc .LVL9
     /tmp/cchJMiQ4.s:321    .debug_info:0000000000000000 .Ldebug_info0
     /tmp/cchJMiQ4.s:123    .gcc_except_table:0000000000000000 .LLSDA33

UNDEFINED SYMBOLS
_Znwm
GAS LISTING /tmp/cchJMiQ4.s 			page 14


_Znam
_ZN9Scheduler3putEP3TCB
_ZdlPv
_Unwind_Resume
__gxx_personality_v0
_ZN5Riscv10popSppSpieEv
_ZN9Scheduler3getEv
_ZN3TCB13contextSwitchEPNS_7ContextES1_
